# JRE version: Java(TM) SE Runtime Environment (8.0_291-b10) (build 1.8.0_291-b10)
# Java VM: Java HotSpot(TM) 64-Bit Server VM (25.291-b10 mixed mode bsd-amd64 compressed oops)
Heap:
 PSYoungGen      total 76288K, used 20958K [0x000000076ab00000, 0x0000000770000000, 0x00000007c0000000)
  eden space 65536K, 31% used [0x000000076ab00000,0x000000076bf77958,0x000000076eb00000)
  from space 10752K, 0% used [0x000000076f580000,0x000000076f580000,0x0000000770000000)
  to   space 10752K, 0% used [0x000000076eb00000,0x000000076eb00000,0x000000076f580000)
 ParOldGen       total 117760K, used 31829K [0x00000006c0000000, 0x00000006c7300000, 0x000000076ab00000)
  object space 117760K, 27% used [0x00000006c0000000,0x00000006c1f156d0,0x00000006c7300000)
 Metaspace       used 20981K, capacity 22560K, committed 22784K, reserved 1069056K
  class space    used 2954K, capacity 3237K, committed 3328K, reserved 1048576K
GC Heap History (6 events):
Event: 10.438 GC heap before
{Heap before GC invocations=1 (full 0):
 PSYoungGen      total 76288K, used 65536K [0x000000076ab00000, 0x0000000770000000, 0x00000007c0000000)
  eden space 65536K, 100% used [0x000000076ab00000,0x000000076eb00000,0x000000076eb00000)
  from space 10752K, 0% used [0x000000076f580000,0x000000076f580000,0x0000000770000000)
  to   space 10752K, 0% used [0x000000076eb00000,0x000000076eb00000,0x000000076f580000)
 ParOldGen       total 175104K, used 0K [0x00000006c0000000, 0x00000006cab00000, 0x000000076ab00000)
  object space 175104K, 0% used [0x00000006c0000000,0x00000006c0000000,0x00000006cab00000)
 Metaspace       used 18336K, capacity 19294K, committed 19456K, reserved 1067008K
  class space    used 2552K, capacity 2744K, committed 2816K, reserved 1048576K
Event: 10.481 GC heap after
Heap after GC invocations=1 (full 0):
 PSYoungGen      total 76288K, used 10738K [0x000000076ab00000, 0x0000000770000000, 0x00000007c0000000)
  eden space 65536K, 0% used [0x000000076ab00000,0x000000076ab00000,0x000000076eb00000)
  from space 10752K, 99% used [0x000000076eb00000,0x000000076f57ca58,0x000000076f580000)
  to   space 10752K, 0% used [0x000000076f580000,0x000000076f580000,0x0000000770000000)
 ParOldGen       total 175104K, used 9492K [0x00000006c0000000, 0x00000006cab00000, 0x000000076ab00000)
  object space 175104K, 5% used [0x00000006c0000000,0x00000006c09450c0,0x00000006cab00000)
 Metaspace       used 18336K, capacity 19294K, committed 19456K, reserved 1067008K
  class space    used 2552K, capacity 2744K, committed 2816K, reserved 1048576K
}
Event: 17.282 GC heap before
{Heap before GC invocations=2 (full 0):
 PSYoungGen      total 76288K, used 44387K [0x000000076ab00000, 0x0000000770000000, 0x00000007c0000000)
  eden space 65536K, 51% used [0x000000076ab00000,0x000000076cbdc488,0x000000076eb00000)
  from space 10752K, 99% used [0x000000076eb00000,0x000000076f57ca58,0x000000076f580000)
  to   space 10752K, 0% used [0x000000076f580000,0x000000076f580000,0x0000000770000000)
 ParOldGen       total 175104K, used 9492K [0x00000006c0000000, 0x00000006cab00000, 0x000000076ab00000)
  object space 175104K, 5% used [0x00000006c0000000,0x00000006c09450c0,0x00000006cab00000)
 Metaspace       used 19947K, capacity 21246K, committed 21296K, reserved 1067008K
  class space    used 2808K, capacity 3044K, committed 3072K, reserved 1048576K
Event: 17.325 GC heap after
Heap after GC invocations=2 (full 0):
 PSYoungGen      total 76288K, used 10721K [0x000000076ab00000, 0x0000000770000000, 0x00000007c0000000)
  eden space 65536K, 0% used [0x000000076ab00000,0x000000076ab00000,0x000000076eb00000)
  from space 10752K, 99% used [0x000000076f580000,0x000000076fff8790,0x0000000770000000)
  to   space 10752K, 0% used [0x000000076eb00000,0x000000076eb00000,0x000000076f580000)
 ParOldGen       total 175104K, used 27596K [0x00000006c0000000, 0x00000006cab00000, 0x000000076ab00000)
  object space 175104K, 15% used [0x00000006c0000000,0x00000006c1af3000,0x00000006cab00000)
 Metaspace       used 19947K, capacity 21246K, committed 21296K, reserved 1067008K
  class space    used 2808K, capacity 3044K, committed 3072K, reserved 1048576K
}
Event: 17.325 GC heap before
{Heap before GC invocations=3 (full 1):
 PSYoungGen      total 76288K, used 10721K [0x000000076ab00000, 0x0000000770000000, 0x00000007c0000000)
  eden space 65536K, 0% used [0x000000076ab00000,0x000000076ab00000,0x000000076eb00000)
  from space 10752K, 99% used [0x000000076f580000,0x000000076fff8790,0x0000000770000000)
  to   space 10752K, 0% used [0x000000076eb00000,0x000000076eb00000,0x000000076f580000)
 ParOldGen       total 175104K, used 27596K [0x00000006c0000000, 0x00000006cab00000, 0x000000076ab00000)
  object space 175104K, 15% used [0x00000006c0000000,0x00000006c1af3000,0x00000006cab00000)
 Metaspace       used 19947K, capacity 21246K, committed 21296K, reserved 1067008K
  class space    used 2808K, capacity 3044K, committed 3072K, reserved 1048576K
Event: 17.360 GC heap after
Heap after GC invocations=3 (full 1):
 PSYoungGen      total 76288K, used 0K [0x000000076ab00000, 0x0000000770000000, 0x00000007c0000000)
  eden space 65536K, 0% used [0x000000076ab00000,0x000000076ab00000,0x000000076eb00000)
  from space 10752K, 0% used [0x000000076f580000,0x000000076f580000,0x0000000770000000)
  to   space 10752K, 0% used [0x000000076eb00000,0x000000076eb00000,0x000000076f580000)
 ParOldGen       total 117760K, used 31829K [0x00000006c0000000, 0x00000006c7300000, 0x000000076ab00000)
  object space 117760K, 27% used [0x00000006c0000000,0x00000006c1f156d0,0x00000006c7300000)
 Metaspace       used 19947K, capacity 21246K, committed 21296K, reserved 1067008K
  class space    used 2808K, capacity 3044K, committed 3072K, reserved 1048576K
}

