# JRE version: Java(TM) SE Runtime Environment (8.0_291-b10) (build 1.8.0_291-b10)
# Java VM: Java HotSpot(TM) 64-Bit Server VM (25.291-b10 mixed mode bsd-amd64 compressed oops)
Heap:
 PSYoungGen      total 76288K, used 20040K [0x000000076ab00000, 0x0000000770000000, 0x00000007c0000000)
  eden space 65536K, 30% used [0x000000076ab00000,0x000000076be92070,0x000000076eb00000)
  from space 10752K, 0% used [0x000000076f580000,0x000000076f580000,0x0000000770000000)
  to   space 10752K, 0% used [0x000000076eb00000,0x000000076eb00000,0x000000076f580000)
 ParOldGen       total 118784K, used 31588K [0x00000006c0000000, 0x00000006c7400000, 0x000000076ab00000)
  object space 118784K, 26% used [0x00000006c0000000,0x00000006c1ed93f0,0x00000006c7400000)
 Metaspace       used 20964K, capacity 22492K, committed 22784K, reserved 1069056K
  class space    used 2951K, capacity 3234K, committed 3328K, reserved 1048576K
GC Heap History (6 events):
Event: 13.688 GC heap before
{Heap before GC invocations=1 (full 0):
 PSYoungGen      total 76288K, used 65536K [0x000000076ab00000, 0x0000000770000000, 0x00000007c0000000)
  eden space 65536K, 100% used [0x000000076ab00000,0x000000076eb00000,0x000000076eb00000)
  from space 10752K, 0% used [0x000000076f580000,0x000000076f580000,0x0000000770000000)
  to   space 10752K, 0% used [0x000000076eb00000,0x000000076eb00000,0x000000076f580000)
 ParOldGen       total 175104K, used 0K [0x00000006c0000000, 0x00000006cab00000, 0x000000076ab00000)
  object space 175104K, 0% used [0x00000006c0000000,0x00000006c0000000,0x00000006cab00000)
 Metaspace       used 18275K, capacity 19222K, committed 19456K, reserved 1067008K
  class space    used 2550K, capacity 2741K, committed 2816K, reserved 1048576K
Event: 13.734 GC heap after
Heap after GC invocations=1 (full 0):
 PSYoungGen      total 76288K, used 10742K [0x000000076ab00000, 0x0000000770000000, 0x00000007c0000000)
  eden space 65536K, 0% used [0x000000076ab00000,0x000000076ab00000,0x000000076eb00000)
  from space 10752K, 99% used [0x000000076eb00000,0x000000076f57da58,0x000000076f580000)
  to   space 10752K, 0% used [0x000000076f580000,0x000000076f580000,0x0000000770000000)
 ParOldGen       total 175104K, used 8375K [0x00000006c0000000, 0x00000006cab00000, 0x000000076ab00000)
  object space 175104K, 4% used [0x00000006c0000000,0x00000006c082dfa0,0x00000006cab00000)
 Metaspace       used 18275K, capacity 19222K, committed 19456K, reserved 1067008K
  class space    used 2550K, capacity 2741K, committed 2816K, reserved 1048576K
}
Event: 21.424 GC heap before
{Heap before GC invocations=2 (full 0):
 PSYoungGen      total 76288K, used 45950K [0x000000076ab00000, 0x0000000770000000, 0x00000007c0000000)
  eden space 65536K, 53% used [0x000000076ab00000,0x000000076cd62178,0x000000076eb00000)
  from space 10752K, 99% used [0x000000076eb00000,0x000000076f57da58,0x000000076f580000)
  to   space 10752K, 0% used [0x000000076f580000,0x000000076f580000,0x0000000770000000)
 ParOldGen       total 175104K, used 8375K [0x00000006c0000000, 0x00000006cab00000, 0x000000076ab00000)
  object space 175104K, 4% used [0x00000006c0000000,0x00000006c082dfa0,0x00000006cab00000)
 Metaspace       used 19940K, capacity 21244K, committed 21296K, reserved 1067008K
  class space    used 2801K, capacity 3042K, committed 3072K, reserved 1048576K
Event: 21.471 GC heap after
Heap after GC invocations=2 (full 0):
 PSYoungGen      total 76288K, used 10750K [0x000000076ab00000, 0x0000000770000000, 0x00000007c0000000)
  eden space 65536K, 0% used [0x000000076ab00000,0x000000076ab00000,0x000000076eb00000)
  from space 10752K, 99% used [0x000000076f580000,0x000000076ffff828,0x0000000770000000)
  to   space 10752K, 0% used [0x000000076eb00000,0x000000076eb00000,0x000000076f580000)
 ParOldGen       total 175104K, used 27137K [0x00000006c0000000, 0x00000006cab00000, 0x000000076ab00000)
  object space 175104K, 15% used [0x00000006c0000000,0x00000006c1a804d8,0x00000006cab00000)
 Metaspace       used 19940K, capacity 21244K, committed 21296K, reserved 1067008K
  class space    used 2801K, capacity 3042K, committed 3072K, reserved 1048576K
}
Event: 21.471 GC heap before
{Heap before GC invocations=3 (full 1):
 PSYoungGen      total 76288K, used 10750K [0x000000076ab00000, 0x0000000770000000, 0x00000007c0000000)
  eden space 65536K, 0% used [0x000000076ab00000,0x000000076ab00000,0x000000076eb00000)
  from space 10752K, 99% used [0x000000076f580000,0x000000076ffff828,0x0000000770000000)
  to   space 10752K, 0% used [0x000000076eb00000,0x000000076eb00000,0x000000076f580000)
 ParOldGen       total 175104K, used 27137K [0x00000006c0000000, 0x00000006cab00000, 0x000000076ab00000)
  object space 175104K, 15% used [0x00000006c0000000,0x00000006c1a804d8,0x00000006cab00000)
 Metaspace       used 19940K, capacity 21244K, committed 21296K, reserved 1067008K
  class space    used 2801K, capacity 3042K, committed 3072K, reserved 1048576K
Event: 21.493 GC heap after
Heap after GC invocations=3 (full 1):
 PSYoungGen      total 76288K, used 0K [0x000000076ab00000, 0x0000000770000000, 0x00000007c0000000)
  eden space 65536K, 0% used [0x000000076ab00000,0x000000076ab00000,0x000000076eb00000)
  from space 10752K, 0% used [0x000000076f580000,0x000000076f580000,0x0000000770000000)
  to   space 10752K, 0% used [0x000000076eb00000,0x000000076eb00000,0x000000076f580000)
 ParOldGen       total 118784K, used 31588K [0x00000006c0000000, 0x00000006c7400000, 0x000000076ab00000)
  object space 118784K, 26% used [0x00000006c0000000,0x00000006c1ed93f0,0x00000006c7400000)
 Metaspace       used 19940K, capacity 21244K, committed 21296K, reserved 1067008K
  class space    used 2801K, capacity 3042K, committed 3072K, reserved 1048576K
}

