# JRE version: Java(TM) SE Runtime Environment (8.0_291-b10) (build 1.8.0_291-b10)
# Java VM: Java HotSpot(TM) 64-Bit Server VM (25.291-b10 mixed mode bsd-amd64 compressed oops)
Heap:
 PSYoungGen      total 76288K, used 25756K [0x000000076ab00000, 0x0000000770000000, 0x00000007c0000000)
  eden space 65536K, 22% used [0x000000076ab00000,0x000000076b9ab978,0x000000076eb00000)
  from space 10752K, 99% used [0x000000076eb00000,0x000000076f57b918,0x000000076f580000)
  to   space 10752K, 0% used [0x000000076f580000,0x000000076f580000,0x0000000770000000)
 ParOldGen       total 119808K, used 41469K [0x00000006c0000000, 0x00000006c7500000, 0x000000076ab00000)
  object space 119808K, 34% used [0x00000006c0000000,0x00000006c287f588,0x00000006c7500000)
 Metaspace       used 21569K, capacity 23176K, committed 23296K, reserved 1069056K
  class space    used 2974K, capacity 3258K, committed 3328K, reserved 1048576K
GC Heap History (8 events):
Event: 10.526 GC heap before
{Heap before GC invocations=1 (full 0):
 PSYoungGen      total 76288K, used 65536K [0x000000076ab00000, 0x0000000770000000, 0x00000007c0000000)
  eden space 65536K, 100% used [0x000000076ab00000,0x000000076eb00000,0x000000076eb00000)
  from space 10752K, 0% used [0x000000076f580000,0x000000076f580000,0x0000000770000000)
  to   space 10752K, 0% used [0x000000076eb00000,0x000000076eb00000,0x000000076f580000)
 ParOldGen       total 175104K, used 0K [0x00000006c0000000, 0x00000006cab00000, 0x000000076ab00000)
  object space 175104K, 0% used [0x00000006c0000000,0x00000006c0000000,0x00000006cab00000)
 Metaspace       used 18401K, capacity 19292K, committed 19456K, reserved 1067008K
  class space    used 2560K, capacity 2742K, committed 2816K, reserved 1048576K
Event: 10.566 GC heap after
Heap after GC invocations=1 (full 0):
 PSYoungGen      total 76288K, used 10729K [0x000000076ab00000, 0x0000000770000000, 0x00000007c0000000)
  eden space 65536K, 0% used [0x000000076ab00000,0x000000076ab00000,0x000000076eb00000)
  from space 10752K, 99% used [0x000000076eb00000,0x000000076f57a4c8,0x000000076f580000)
  to   space 10752K, 0% used [0x000000076f580000,0x000000076f580000,0x0000000770000000)
 ParOldGen       total 175104K, used 9346K [0x00000006c0000000, 0x00000006cab00000, 0x000000076ab00000)
  object space 175104K, 5% used [0x00000006c0000000,0x00000006c0920bc0,0x00000006cab00000)
 Metaspace       used 18401K, capacity 19292K, committed 19456K, reserved 1067008K
  class space    used 2560K, capacity 2742K, committed 2816K, reserved 1048576K
}
Event: 18.599 GC heap before
{Heap before GC invocations=2 (full 0):
 PSYoungGen      total 76288K, used 44255K [0x000000076ab00000, 0x0000000770000000, 0x00000007c0000000)
  eden space 65536K, 51% used [0x000000076ab00000,0x000000076cbbdaa0,0x000000076eb00000)
  from space 10752K, 99% used [0x000000076eb00000,0x000000076f57a4c8,0x000000076f580000)
  to   space 10752K, 0% used [0x000000076f580000,0x000000076f580000,0x0000000770000000)
 ParOldGen       total 175104K, used 9346K [0x00000006c0000000, 0x00000006cab00000, 0x000000076ab00000)
  object space 175104K, 5% used [0x00000006c0000000,0x00000006c0920bc0,0x00000006cab00000)
 Metaspace       used 19983K, capacity 21244K, committed 21296K, reserved 1067008K
  class space    used 2796K, capacity 3042K, committed 3072K, reserved 1048576K
Event: 18.640 GC heap after
Heap after GC invocations=2 (full 0):
 PSYoungGen      total 76288K, used 10748K [0x000000076ab00000, 0x0000000770000000, 0x00000007c0000000)
  eden space 65536K, 0% used [0x000000076ab00000,0x000000076ab00000,0x000000076eb00000)
  from space 10752K, 99% used [0x000000076f580000,0x000000076ffff170,0x0000000770000000)
  to   space 10752K, 0% used [0x000000076eb00000,0x000000076eb00000,0x000000076f580000)
 ParOldGen       total 175104K, used 29218K [0x00000006c0000000, 0x00000006cab00000, 0x000000076ab00000)
  object space 175104K, 16% used [0x00000006c0000000,0x00000006c1c88b70,0x00000006cab00000)
 Metaspace       used 19983K, capacity 21244K, committed 21296K, reserved 1067008K
  class space    used 2796K, capacity 3042K, committed 3072K, reserved 1048576K
}
Event: 18.640 GC heap before
{Heap before GC invocations=3 (full 1):
 PSYoungGen      total 76288K, used 10748K [0x000000076ab00000, 0x0000000770000000, 0x00000007c0000000)
  eden space 65536K, 0% used [0x000000076ab00000,0x000000076ab00000,0x000000076eb00000)
  from space 10752K, 99% used [0x000000076f580000,0x000000076ffff170,0x0000000770000000)
  to   space 10752K, 0% used [0x000000076eb00000,0x000000076eb00000,0x000000076f580000)
 ParOldGen       total 175104K, used 29218K [0x00000006c0000000, 0x00000006cab00000, 0x000000076ab00000)
  object space 175104K, 16% used [0x00000006c0000000,0x00000006c1c88b70,0x00000006cab00000)
 Metaspace       used 19983K, capacity 21244K, committed 21296K, reserved 1067008K
  class space    used 2796K, capacity 3042K, committed 3072K, reserved 1048576K
Event: 18.662 GC heap after
Heap after GC invocations=3 (full 1):
 PSYoungGen      total 76288K, used 0K [0x000000076ab00000, 0x0000000770000000, 0x00000007c0000000)
  eden space 65536K, 0% used [0x000000076ab00000,0x000000076ab00000,0x000000076eb00000)
  from space 10752K, 0% used [0x000000076f580000,0x000000076f580000,0x0000000770000000)
  to   space 10752K, 0% used [0x000000076eb00000,0x000000076eb00000,0x000000076f580000)
 ParOldGen       total 119808K, used 31590K [0x00000006c0000000, 0x00000006c7500000, 0x000000076ab00000)
  object space 119808K, 26% used [0x00000006c0000000,0x00000006c1ed9b78,0x00000006c7500000)
 Metaspace       used 19983K, capacity 21244K, committed 21296K, reserved 1067008K
  class space    used 2796K, capacity 3042K, committed 3072K, reserved 1048576K
}
Event: 62.312 GC heap before
{Heap before GC invocations=4 (full 1):
 PSYoungGen      total 76288K, used 65536K [0x000000076ab00000, 0x0000000770000000, 0x00000007c0000000)
  eden space 65536K, 100% used [0x000000076ab00000,0x000000076eb00000,0x000000076eb00000)
  from space 10752K, 0% used [0x000000076f580000,0x000000076f580000,0x0000000770000000)
  to   space 10752K, 0% used [0x000000076eb00000,0x000000076eb00000,0x000000076f580000)
 ParOldGen       total 119808K, used 31590K [0x00000006c0000000, 0x00000006c7500000, 0x000000076ab00000)
  object space 119808K, 26% used [0x00000006c0000000,0x00000006c1ed9b78,0x00000006c7500000)
 Metaspace       used 21376K, capacity 22984K, committed 23296K, reserved 1069056K
  class space    used 2974K, capacity 3258K, committed 3328K, reserved 1048576K
Event: 62.317 GC heap after
Heap after GC invocations=4 (full 1):
 PSYoungGen      total 76288K, used 10734K [0x000000076ab00000, 0x0000000770000000, 0x00000007c0000000)
  eden space 65536K, 0% used [0x000000076ab00000,0x000000076ab00000,0x000000076eb00000)
  from space 10752K, 99% used [0x000000076eb00000,0x000000076f57b918,0x000000076f580000)
  to   space 10752K, 0% used [0x000000076f580000,0x000000076f580000,0x0000000770000000)
 ParOldGen       total 119808K, used 41469K [0x00000006c0000000, 0x00000006c7500000, 0x000000076ab00000)
  object space 119808K, 34% used [0x00000006c0000000,0x00000006c287f588,0x00000006c7500000)
 Metaspace       used 21376K, capacity 22984K, committed 23296K, reserved 1069056K
  class space    used 2974K, capacity 3258K, committed 3328K, reserved 1048576K
}

