# JRE version: Java(TM) SE Runtime Environment (8.0_291-b10) (build 1.8.0_291-b10)
# Java VM: Java HotSpot(TM) 64-Bit Server VM (25.291-b10 mixed mode bsd-amd64 compressed oops)
Heap:
 PSYoungGen      total 76288K, used 16748K [0x000000076ab00000, 0x0000000770000000, 0x00000007c0000000)
  eden space 65536K, 9% used [0x000000076ab00000,0x000000076b0deb20,0x000000076eb00000)
  from space 10752K, 99% used [0x000000076eb00000,0x000000076f57c7d8,0x000000076f580000)
  to   space 10752K, 0% used [0x000000076f580000,0x000000076f580000,0x0000000770000000)
 ParOldGen       total 120832K, used 51450K [0x00000006c0000000, 0x00000006c7600000, 0x000000076ab00000)
  object space 120832K, 42% used [0x00000006c0000000,0x00000006c323e928,0x00000006c7600000)
 Metaspace       used 22805K, capacity 24526K, committed 24704K, reserved 1071104K
  class space    used 3116K, capacity 3456K, committed 3456K, reserved 1048576K
GC Heap History (8 events):
Event: 104.231 GC heap before
{Heap before GC invocations=1 (full 0):
 PSYoungGen      total 76288K, used 65536K [0x000000076ab00000, 0x0000000770000000, 0x00000007c0000000)
  eden space 65536K, 100% used [0x000000076ab00000,0x000000076eb00000,0x000000076eb00000)
  from space 10752K, 0% used [0x000000076f580000,0x000000076f580000,0x0000000770000000)
  to   space 10752K, 0% used [0x000000076eb00000,0x000000076eb00000,0x000000076f580000)
 ParOldGen       total 175104K, used 0K [0x00000006c0000000, 0x00000006cab00000, 0x000000076ab00000)
  object space 175104K, 0% used [0x00000006c0000000,0x00000006c0000000,0x00000006cab00000)
 Metaspace       used 18063K, capacity 18946K, committed 19200K, reserved 1064960K
  class space    used 2506K, capacity 2720K, committed 2816K, reserved 1048576K
Event: 104.269 GC heap after
Heap after GC invocations=1 (full 0):
 PSYoungGen      total 76288K, used 10747K [0x000000076ab00000, 0x0000000770000000, 0x00000007c0000000)
  eden space 65536K, 0% used [0x000000076ab00000,0x000000076ab00000,0x000000076eb00000)
  from space 10752K, 99% used [0x000000076eb00000,0x000000076f57ec08,0x000000076f580000)
  to   space 10752K, 0% used [0x000000076f580000,0x000000076f580000,0x0000000770000000)
 ParOldGen       total 175104K, used 8884K [0x00000006c0000000, 0x00000006cab00000, 0x000000076ab00000)
  object space 175104K, 5% used [0x00000006c0000000,0x00000006c08ad340,0x00000006cab00000)
 Metaspace       used 18063K, capacity 18946K, committed 19200K, reserved 1064960K
  class space    used 2506K, capacity 2720K, committed 2816K, reserved 1048576K
}
Event: 113.734 GC heap before
{Heap before GC invocations=2 (full 0):
 PSYoungGen      total 76288K, used 47305K [0x000000076ab00000, 0x0000000770000000, 0x00000007c0000000)
  eden space 65536K, 55% used [0x000000076ab00000,0x000000076ceb38a0,0x000000076eb00000)
  from space 10752K, 99% used [0x000000076eb00000,0x000000076f57ec08,0x000000076f580000)
  to   space 10752K, 0% used [0x000000076f580000,0x000000076f580000,0x0000000770000000)
 ParOldGen       total 175104K, used 8884K [0x00000006c0000000, 0x00000006cab00000, 0x000000076ab00000)
  object space 175104K, 5% used [0x00000006c0000000,0x00000006c08ad340,0x00000006cab00000)
 Metaspace       used 19905K, capacity 21160K, committed 21248K, reserved 1067008K
  class space    used 2779K, capacity 3033K, committed 3072K, reserved 1048576K
Event: 113.779 GC heap after
Heap after GC invocations=2 (full 0):
 PSYoungGen      total 76288K, used 10747K [0x000000076ab00000, 0x0000000770000000, 0x00000007c0000000)
  eden space 65536K, 0% used [0x000000076ab00000,0x000000076ab00000,0x000000076eb00000)
  from space 10752K, 99% used [0x000000076f580000,0x000000076fffee70,0x0000000770000000)
  to   space 10752K, 0% used [0x000000076eb00000,0x000000076eb00000,0x000000076f580000)
 ParOldGen       total 175104K, used 29358K [0x00000006c0000000, 0x00000006cab00000, 0x000000076ab00000)
  object space 175104K, 16% used [0x00000006c0000000,0x00000006c1cab870,0x00000006cab00000)
 Metaspace       used 19905K, capacity 21160K, committed 21248K, reserved 1067008K
  class space    used 2779K, capacity 3033K, committed 3072K, reserved 1048576K
}
Event: 113.779 GC heap before
{Heap before GC invocations=3 (full 1):
 PSYoungGen      total 76288K, used 10747K [0x000000076ab00000, 0x0000000770000000, 0x00000007c0000000)
  eden space 65536K, 0% used [0x000000076ab00000,0x000000076ab00000,0x000000076eb00000)
  from space 10752K, 99% used [0x000000076f580000,0x000000076fffee70,0x0000000770000000)
  to   space 10752K, 0% used [0x000000076eb00000,0x000000076eb00000,0x000000076f580000)
 ParOldGen       total 175104K, used 29358K [0x00000006c0000000, 0x00000006cab00000, 0x000000076ab00000)
  object space 175104K, 16% used [0x00000006c0000000,0x00000006c1cab870,0x00000006cab00000)
 Metaspace       used 19905K, capacity 21160K, committed 21248K, reserved 1067008K
  class space    used 2779K, capacity 3033K, committed 3072K, reserved 1048576K
Event: 113.803 GC heap after
Heap after GC invocations=3 (full 1):
 PSYoungGen      total 76288K, used 0K [0x000000076ab00000, 0x0000000770000000, 0x00000007c0000000)
  eden space 65536K, 0% used [0x000000076ab00000,0x000000076ab00000,0x000000076eb00000)
  from space 10752K, 0% used [0x000000076f580000,0x000000076f580000,0x0000000770000000)
  to   space 10752K, 0% used [0x000000076eb00000,0x000000076eb00000,0x000000076f580000)
 ParOldGen       total 120832K, used 31612K [0x00000006c0000000, 0x00000006c7600000, 0x000000076ab00000)
  object space 120832K, 26% used [0x00000006c0000000,0x00000006c1edf230,0x00000006c7600000)
 Metaspace       used 19905K, capacity 21160K, committed 21248K, reserved 1067008K
  class space    used 2779K, capacity 3033K, committed 3072K, reserved 1048576K
}
Event: 144.483 GC heap before
{Heap before GC invocations=4 (full 1):
 PSYoungGen      total 76288K, used 65375K [0x000000076ab00000, 0x0000000770000000, 0x00000007c0000000)
  eden space 65536K, 99% used [0x000000076ab00000,0x000000076ead7ed0,0x000000076eb00000)
  from space 10752K, 0% used [0x000000076f580000,0x000000076f580000,0x0000000770000000)
  to   space 10752K, 0% used [0x000000076eb00000,0x000000076eb00000,0x000000076f580000)
 ParOldGen       total 120832K, used 31612K [0x00000006c0000000, 0x00000006c7600000, 0x000000076ab00000)
  object space 120832K, 26% used [0x00000006c0000000,0x00000006c1edf230,0x00000006c7600000)
 Metaspace       used 22777K, capacity 24502K, committed 24704K, reserved 1071104K
  class space    used 3113K, capacity 3452K, committed 3456K, reserved 1048576K
Event: 144.495 GC heap after
Heap after GC invocations=4 (full 1):
 PSYoungGen      total 76288K, used 10737K [0x000000076ab00000, 0x0000000770000000, 0x00000007c0000000)
  eden space 65536K, 0% used [0x000000076ab00000,0x000000076ab00000,0x000000076eb00000)
  from space 10752K, 99% used [0x000000076eb00000,0x000000076f57c7d8,0x000000076f580000)
  to   space 10752K, 0% used [0x000000076f580000,0x000000076f580000,0x0000000770000000)
 ParOldGen       total 120832K, used 51450K [0x00000006c0000000, 0x00000006c7600000, 0x000000076ab00000)
  object space 120832K, 42% used [0x00000006c0000000,0x00000006c323e928,0x00000006c7600000)
 Metaspace       used 22777K, capacity 24502K, committed 24704K, reserved 1071104K
  class space    used 3113K, capacity 3452K, committed 3456K, reserved 1048576K
}

