# JRE version: Java(TM) SE Runtime Environment (8.0_291-b10) (build 1.8.0_291-b10)
# Java VM: Java HotSpot(TM) 64-Bit Server VM (25.291-b10 mixed mode bsd-amd64 compressed oops)
Heap:
 PSYoungGen      total 76288K, used 51292K [0x000000076ab00000, 0x0000000770000000, 0x00000007c0000000)
  eden space 65536K, 61% used [0x000000076ab00000,0x000000076d2982a8,0x000000076eb00000)
  from space 10752K, 99% used [0x000000076eb00000,0x000000076f57efe0,0x000000076f580000)
  to   space 10752K, 0% used [0x000000076f580000,0x000000076f580000,0x0000000770000000)
 ParOldGen       total 100352K, used 33146K [0x00000006c0000000, 0x00000006c6200000, 0x000000076ab00000)
  object space 100352K, 33% used [0x00000006c0000000,0x00000006c205ebe8,0x00000006c6200000)
 Metaspace       used 23119K, capacity 24790K, committed 25008K, reserved 1071104K
  class space    used 3126K, capacity 3426K, committed 3504K, reserved 1048576K
GC Heap History (8 events):
Event: 10.647 GC heap before
{Heap before GC invocations=1 (full 0):
 PSYoungGen      total 76288K, used 65536K [0x000000076ab00000, 0x0000000770000000, 0x00000007c0000000)
  eden space 65536K, 100% used [0x000000076ab00000,0x000000076eb00000,0x000000076eb00000)
  from space 10752K, 0% used [0x000000076f580000,0x000000076f580000,0x0000000770000000)
  to   space 10752K, 0% used [0x000000076eb00000,0x000000076eb00000,0x000000076f580000)
 ParOldGen       total 175104K, used 0K [0x00000006c0000000, 0x00000006cab00000, 0x000000076ab00000)
  object space 175104K, 0% used [0x00000006c0000000,0x00000006c0000000,0x00000006cab00000)
 Metaspace       used 18263K, capacity 19224K, committed 19456K, reserved 1067008K
  class space    used 2551K, capacity 2743K, committed 2816K, reserved 1048576K
Event: 10.692 GC heap after
Heap after GC invocations=1 (full 0):
 PSYoungGen      total 76288K, used 10726K [0x000000076ab00000, 0x0000000770000000, 0x00000007c0000000)
  eden space 65536K, 0% used [0x000000076ab00000,0x000000076ab00000,0x000000076eb00000)
  from space 10752K, 99% used [0x000000076eb00000,0x000000076f579a48,0x000000076f580000)
  to   space 10752K, 0% used [0x000000076f580000,0x000000076f580000,0x0000000770000000)
 ParOldGen       total 175104K, used 8398K [0x00000006c0000000, 0x00000006cab00000, 0x000000076ab00000)
  object space 175104K, 4% used [0x00000006c0000000,0x00000006c08338e0,0x00000006cab00000)
 Metaspace       used 18263K, capacity 19224K, committed 19456K, reserved 1067008K
  class space    used 2551K, capacity 2743K, committed 2816K, reserved 1048576K
}
Event: 14.170 GC heap before
{Heap before GC invocations=2 (full 0):
 PSYoungGen      total 76288K, used 31447K [0x000000076ab00000, 0x0000000770000000, 0x00000007c0000000)
  eden space 65536K, 31% used [0x000000076ab00000,0x000000076bf3c4a0,0x000000076eb00000)
  from space 10752K, 99% used [0x000000076eb00000,0x000000076f579a48,0x000000076f580000)
  to   space 10752K, 0% used [0x000000076f580000,0x000000076f580000,0x0000000770000000)
 ParOldGen       total 175104K, used 8398K [0x00000006c0000000, 0x00000006cab00000, 0x000000076ab00000)
  object space 175104K, 4% used [0x00000006c0000000,0x00000006c08338e0,0x00000006cab00000)
 Metaspace       used 19929K, capacity 21218K, committed 21296K, reserved 1067008K
  class space    used 2812K, capacity 3080K, committed 3120K, reserved 1048576K
Event: 14.209 GC heap after
Heap after GC invocations=2 (full 0):
 PSYoungGen      total 76288K, used 10750K [0x000000076ab00000, 0x0000000770000000, 0x00000007c0000000)
  eden space 65536K, 0% used [0x000000076ab00000,0x000000076ab00000,0x000000076eb00000)
  from space 10752K, 99% used [0x000000076f580000,0x000000076ffffa60,0x0000000770000000)
  to   space 10752K, 0% used [0x000000076eb00000,0x000000076eb00000,0x000000076f580000)
 ParOldGen       total 175104K, used 20659K [0x00000006c0000000, 0x00000006cab00000, 0x000000076ab00000)
  object space 175104K, 11% used [0x00000006c0000000,0x00000006c142cec8,0x00000006cab00000)
 Metaspace       used 19929K, capacity 21218K, committed 21296K, reserved 1067008K
  class space    used 2812K, capacity 3080K, committed 3120K, reserved 1048576K
}
Event: 14.209 GC heap before
{Heap before GC invocations=3 (full 1):
 PSYoungGen      total 76288K, used 10750K [0x000000076ab00000, 0x0000000770000000, 0x00000007c0000000)
  eden space 65536K, 0% used [0x000000076ab00000,0x000000076ab00000,0x000000076eb00000)
  from space 10752K, 99% used [0x000000076f580000,0x000000076ffffa60,0x0000000770000000)
  to   space 10752K, 0% used [0x000000076eb00000,0x000000076eb00000,0x000000076f580000)
 ParOldGen       total 175104K, used 20659K [0x00000006c0000000, 0x00000006cab00000, 0x000000076ab00000)
  object space 175104K, 11% used [0x00000006c0000000,0x00000006c142cec8,0x00000006cab00000)
 Metaspace       used 19929K, capacity 21218K, committed 21296K, reserved 1067008K
  class space    used 2812K, capacity 3080K, committed 3120K, reserved 1048576K
Event: 14.231 GC heap after
Heap after GC invocations=3 (full 1):
 PSYoungGen      total 76288K, used 0K [0x000000076ab00000, 0x0000000770000000, 0x00000007c0000000)
  eden space 65536K, 0% used [0x000000076ab00000,0x000000076ab00000,0x000000076eb00000)
  from space 10752K, 0% used [0x000000076f580000,0x000000076f580000,0x0000000770000000)
  to   space 10752K, 0% used [0x000000076eb00000,0x000000076eb00000,0x000000076f580000)
 ParOldGen       total 100352K, used 21125K [0x00000006c0000000, 0x00000006c6200000, 0x000000076ab00000)
  object space 100352K, 21% used [0x00000006c0000000,0x00000006c14a16a0,0x00000006c6200000)
 Metaspace       used 19929K, capacity 21218K, committed 21296K, reserved 1067008K
  class space    used 2812K, capacity 3080K, committed 3120K, reserved 1048576K
}
Event: 49.704 GC heap before
{Heap before GC invocations=4 (full 1):
 PSYoungGen      total 76288K, used 65536K [0x000000076ab00000, 0x0000000770000000, 0x00000007c0000000)
  eden space 65536K, 100% used [0x000000076ab00000,0x000000076eb00000,0x000000076eb00000)
  from space 10752K, 0% used [0x000000076f580000,0x000000076f580000,0x0000000770000000)
  to   space 10752K, 0% used [0x000000076eb00000,0x000000076eb00000,0x000000076f580000)
 ParOldGen       total 100352K, used 21125K [0x00000006c0000000, 0x00000006c6200000, 0x000000076ab00000)
  object space 100352K, 21% used [0x00000006c0000000,0x00000006c14a16a0,0x00000006c6200000)
 Metaspace       used 22798K, capacity 24434K, committed 24752K, reserved 1071104K
  class space    used 3114K, capacity 3414K, committed 3504K, reserved 1048576K
Event: 49.720 GC heap after
Heap after GC invocations=4 (full 1):
 PSYoungGen      total 76288K, used 10747K [0x000000076ab00000, 0x0000000770000000, 0x00000007c0000000)
  eden space 65536K, 0% used [0x000000076ab00000,0x000000076ab00000,0x000000076eb00000)
  from space 10752K, 99% used [0x000000076eb00000,0x000000076f57efe0,0x000000076f580000)
  to   space 10752K, 0% used [0x000000076f580000,0x000000076f580000,0x0000000770000000)
 ParOldGen       total 100352K, used 33146K [0x00000006c0000000, 0x00000006c6200000, 0x000000076ab00000)
  object space 100352K, 33% used [0x00000006c0000000,0x00000006c205ebe8,0x00000006c6200000)
 Metaspace       used 22798K, capacity 24434K, committed 24752K, reserved 1071104K
  class space    used 3114K, capacity 3414K, committed 3504K, reserved 1048576K
}

