# JRE version: Java(TM) SE Runtime Environment (8.0_291-b10) (build 1.8.0_291-b10)
# Java VM: Java HotSpot(TM) 64-Bit Server VM (25.291-b10 mixed mode bsd-amd64 compressed oops)
Heap:
 PSYoungGen      total 76288K, used 63249K [0x000000076ab00000, 0x0000000770000000, 0x00000007c0000000)
  eden space 65536K, 96% used [0x000000076ab00000,0x000000076e8c4608,0x000000076eb00000)
  from space 10752K, 0% used [0x000000076f580000,0x000000076f580000,0x0000000770000000)
  to   space 10752K, 0% used [0x000000076eb00000,0x000000076eb00000,0x000000076f580000)
 ParOldGen       total 121856K, used 31595K [0x00000006c0000000, 0x00000006c7700000, 0x000000076ab00000)
  object space 121856K, 25% used [0x00000006c0000000,0x00000006c1edae88,0x00000006c7700000)
 Metaspace       used 21270K, capacity 22880K, committed 23040K, reserved 1069056K
  class space    used 2961K, capacity 3246K, committed 3328K, reserved 1048576K
GC Heap History (6 events):
Event: 12.605 GC heap before
{Heap before GC invocations=1 (full 0):
 PSYoungGen      total 76288K, used 65536K [0x000000076ab00000, 0x0000000770000000, 0x00000007c0000000)
  eden space 65536K, 100% used [0x000000076ab00000,0x000000076eb00000,0x000000076eb00000)
  from space 10752K, 0% used [0x000000076f580000,0x000000076f580000,0x0000000770000000)
  to   space 10752K, 0% used [0x000000076eb00000,0x000000076eb00000,0x000000076f580000)
 ParOldGen       total 175104K, used 0K [0x00000006c0000000, 0x00000006cab00000, 0x000000076ab00000)
  object space 175104K, 0% used [0x00000006c0000000,0x00000006c0000000,0x00000006cab00000)
 Metaspace       used 18290K, capacity 19244K, committed 19456K, reserved 1067008K
  class space    used 2545K, capacity 2734K, committed 2816K, reserved 1048576K
Event: 12.666 GC heap after
Heap after GC invocations=1 (full 0):
 PSYoungGen      total 76288K, used 10723K [0x000000076ab00000, 0x0000000770000000, 0x00000007c0000000)
  eden space 65536K, 0% used [0x000000076ab00000,0x000000076ab00000,0x000000076eb00000)
  from space 10752K, 99% used [0x000000076eb00000,0x000000076f578dc8,0x000000076f580000)
  to   space 10752K, 0% used [0x000000076f580000,0x000000076f580000,0x0000000770000000)
 ParOldGen       total 175104K, used 7036K [0x00000006c0000000, 0x00000006cab00000, 0x000000076ab00000)
  object space 175104K, 4% used [0x00000006c0000000,0x00000006c06df170,0x00000006cab00000)
 Metaspace       used 18290K, capacity 19244K, committed 19456K, reserved 1067008K
  class space    used 2545K, capacity 2734K, committed 2816K, reserved 1048576K
}
Event: 21.128 GC heap before
{Heap before GC invocations=2 (full 0):
 PSYoungGen      total 76288K, used 46621K [0x000000076ab00000, 0x0000000770000000, 0x00000007c0000000)
  eden space 65536K, 54% used [0x000000076ab00000,0x000000076ce0e810,0x000000076eb00000)
  from space 10752K, 99% used [0x000000076eb00000,0x000000076f578dc8,0x000000076f580000)
  to   space 10752K, 0% used [0x000000076f580000,0x000000076f580000,0x0000000770000000)
 ParOldGen       total 175104K, used 7036K [0x00000006c0000000, 0x00000006cab00000, 0x000000076ab00000)
  object space 175104K, 4% used [0x00000006c0000000,0x00000006c06df170,0x00000006cab00000)
 Metaspace       used 19939K, capacity 21226K, committed 21296K, reserved 1067008K
  class space    used 2801K, capacity 3039K, committed 3072K, reserved 1048576K
Event: 21.165 GC heap after
Heap after GC invocations=2 (full 0):
 PSYoungGen      total 76288K, used 10735K [0x000000076ab00000, 0x0000000770000000, 0x00000007c0000000)
  eden space 65536K, 0% used [0x000000076ab00000,0x000000076ab00000,0x000000076eb00000)
  from space 10752K, 99% used [0x000000076f580000,0x000000076fffbc68,0x0000000770000000)
  to   space 10752K, 0% used [0x000000076eb00000,0x000000076eb00000,0x000000076f580000)
 ParOldGen       total 175104K, used 28030K [0x00000006c0000000, 0x00000006cab00000, 0x000000076ab00000)
  object space 175104K, 16% used [0x00000006c0000000,0x00000006c1b5f988,0x00000006cab00000)
 Metaspace       used 19939K, capacity 21226K, committed 21296K, reserved 1067008K
  class space    used 2801K, capacity 3039K, committed 3072K, reserved 1048576K
}
Event: 21.165 GC heap before
{Heap before GC invocations=3 (full 1):
 PSYoungGen      total 76288K, used 10735K [0x000000076ab00000, 0x0000000770000000, 0x00000007c0000000)
  eden space 65536K, 0% used [0x000000076ab00000,0x000000076ab00000,0x000000076eb00000)
  from space 10752K, 99% used [0x000000076f580000,0x000000076fffbc68,0x0000000770000000)
  to   space 10752K, 0% used [0x000000076eb00000,0x000000076eb00000,0x000000076f580000)
 ParOldGen       total 175104K, used 28030K [0x00000006c0000000, 0x00000006cab00000, 0x000000076ab00000)
  object space 175104K, 16% used [0x00000006c0000000,0x00000006c1b5f988,0x00000006cab00000)
 Metaspace       used 19939K, capacity 21226K, committed 21296K, reserved 1067008K
  class space    used 2801K, capacity 3039K, committed 3072K, reserved 1048576K
Event: 21.189 GC heap after
Heap after GC invocations=3 (full 1):
 PSYoungGen      total 76288K, used 0K [0x000000076ab00000, 0x0000000770000000, 0x00000007c0000000)
  eden space 65536K, 0% used [0x000000076ab00000,0x000000076ab00000,0x000000076eb00000)
  from space 10752K, 0% used [0x000000076f580000,0x000000076f580000,0x0000000770000000)
  to   space 10752K, 0% used [0x000000076eb00000,0x000000076eb00000,0x000000076f580000)
 ParOldGen       total 121856K, used 31595K [0x00000006c0000000, 0x00000006c7700000, 0x000000076ab00000)
  object space 121856K, 25% used [0x00000006c0000000,0x00000006c1edae88,0x00000006c7700000)
 Metaspace       used 19939K, capacity 21226K, committed 21296K, reserved 1067008K
  class space    used 2801K, capacity 3039K, committed 3072K, reserved 1048576K
}

