# JRE version: Java(TM) SE Runtime Environment (8.0_291-b10) (build 1.8.0_291-b10)
# Java VM: Java HotSpot(TM) 64-Bit Server VM (25.291-b10 mixed mode bsd-amd64 compressed oops)
Heap:
 PSYoungGen      total 76288K, used 24979K [0x000000076ab00000, 0x0000000770000000, 0x00000007c0000000)
  eden space 65536K, 21% used [0x000000076ab00000,0x000000076b8e5148,0x000000076eb00000)
  from space 10752K, 99% used [0x000000076eb00000,0x000000076f57fe70,0x000000076f580000)
  to   space 10752K, 0% used [0x000000076f580000,0x000000076f580000,0x0000000770000000)
 ParOldGen       total 99840K, used 33119K [0x00000006c0000000, 0x00000006c6180000, 0x000000076ab00000)
  object space 99840K, 33% used [0x00000006c0000000,0x00000006c2057c90,0x00000006c6180000)
 Metaspace       used 22851K, capacity 24560K, committed 24704K, reserved 1071104K
  class space    used 3115K, capacity 3412K, committed 3456K, reserved 1048576K
GC Heap History (8 events):
Event: 14.007 GC heap before
{Heap before GC invocations=1 (full 0):
 PSYoungGen      total 76288K, used 65536K [0x000000076ab00000, 0x0000000770000000, 0x00000007c0000000)
  eden space 65536K, 100% used [0x000000076ab00000,0x000000076eb00000,0x000000076eb00000)
  from space 10752K, 0% used [0x000000076f580000,0x000000076f580000,0x0000000770000000)
  to   space 10752K, 0% used [0x000000076eb00000,0x000000076eb00000,0x000000076f580000)
 ParOldGen       total 175104K, used 0K [0x00000006c0000000, 0x00000006cab00000, 0x000000076ab00000)
  object space 175104K, 0% used [0x00000006c0000000,0x00000006c0000000,0x00000006cab00000)
 Metaspace       used 18297K, capacity 19222K, committed 19456K, reserved 1067008K
  class space    used 2549K, capacity 2741K, committed 2816K, reserved 1048576K
Event: 14.051 GC heap after
Heap after GC invocations=1 (full 0):
 PSYoungGen      total 76288K, used 10729K [0x000000076ab00000, 0x0000000770000000, 0x00000007c0000000)
  eden space 65536K, 0% used [0x000000076ab00000,0x000000076ab00000,0x000000076eb00000)
  from space 10752K, 99% used [0x000000076eb00000,0x000000076f57a4d8,0x000000076f580000)
  to   space 10752K, 0% used [0x000000076f580000,0x000000076f580000,0x0000000770000000)
 ParOldGen       total 175104K, used 8414K [0x00000006c0000000, 0x00000006cab00000, 0x000000076ab00000)
  object space 175104K, 4% used [0x00000006c0000000,0x00000006c08378e0,0x00000006cab00000)
 Metaspace       used 18297K, capacity 19222K, committed 19456K, reserved 1067008K
  class space    used 2549K, capacity 2741K, committed 2816K, reserved 1048576K
}
Event: 19.551 GC heap before
{Heap before GC invocations=2 (full 0):
 PSYoungGen      total 76288K, used 31156K [0x000000076ab00000, 0x0000000770000000, 0x00000007c0000000)
  eden space 65536K, 31% used [0x000000076ab00000,0x000000076bef2cf0,0x000000076eb00000)
  from space 10752K, 99% used [0x000000076eb00000,0x000000076f57a4d8,0x000000076f580000)
  to   space 10752K, 0% used [0x000000076f580000,0x000000076f580000,0x0000000770000000)
 ParOldGen       total 175104K, used 8414K [0x00000006c0000000, 0x00000006cab00000, 0x000000076ab00000)
  object space 175104K, 4% used [0x00000006c0000000,0x00000006c08378e0,0x00000006cab00000)
 Metaspace       used 19939K, capacity 21248K, committed 21296K, reserved 1067008K
  class space    used 2797K, capacity 3046K, committed 3072K, reserved 1048576K
Event: 19.591 GC heap after
Heap after GC invocations=2 (full 0):
 PSYoungGen      total 76288K, used 10722K [0x000000076ab00000, 0x0000000770000000, 0x00000007c0000000)
  eden space 65536K, 0% used [0x000000076ab00000,0x000000076ab00000,0x000000076eb00000)
  from space 10752K, 99% used [0x000000076f580000,0x000000076fff8bf0,0x0000000770000000)
  to   space 10752K, 0% used [0x000000076eb00000,0x000000076eb00000,0x000000076f580000)
 ParOldGen       total 175104K, used 20551K [0x00000006c0000000, 0x00000006cab00000, 0x000000076ab00000)
  object space 175104K, 11% used [0x00000006c0000000,0x00000006c1411d38,0x00000006cab00000)
 Metaspace       used 19939K, capacity 21248K, committed 21296K, reserved 1067008K
  class space    used 2797K, capacity 3046K, committed 3072K, reserved 1048576K
}
Event: 19.591 GC heap before
{Heap before GC invocations=3 (full 1):
 PSYoungGen      total 76288K, used 10722K [0x000000076ab00000, 0x0000000770000000, 0x00000007c0000000)
  eden space 65536K, 0% used [0x000000076ab00000,0x000000076ab00000,0x000000076eb00000)
  from space 10752K, 99% used [0x000000076f580000,0x000000076fff8bf0,0x0000000770000000)
  to   space 10752K, 0% used [0x000000076eb00000,0x000000076eb00000,0x000000076f580000)
 ParOldGen       total 175104K, used 20551K [0x00000006c0000000, 0x00000006cab00000, 0x000000076ab00000)
  object space 175104K, 11% used [0x00000006c0000000,0x00000006c1411d38,0x00000006cab00000)
 Metaspace       used 19939K, capacity 21248K, committed 21296K, reserved 1067008K
  class space    used 2797K, capacity 3046K, committed 3072K, reserved 1048576K
Event: 19.611 GC heap after
Heap after GC invocations=3 (full 1):
 PSYoungGen      total 76288K, used 0K [0x000000076ab00000, 0x0000000770000000, 0x00000007c0000000)
  eden space 65536K, 0% used [0x000000076ab00000,0x000000076ab00000,0x000000076eb00000)
  from space 10752K, 0% used [0x000000076f580000,0x000000076f580000,0x0000000770000000)
  to   space 10752K, 0% used [0x000000076eb00000,0x000000076eb00000,0x000000076f580000)
 ParOldGen       total 99840K, used 20953K [0x00000006c0000000, 0x00000006c6180000, 0x000000076ab00000)
  object space 99840K, 20% used [0x00000006c0000000,0x00000006c14765c8,0x00000006c6180000)
 Metaspace       used 19939K, capacity 21248K, committed 21296K, reserved 1067008K
  class space    used 2797K, capacity 3046K, committed 3072K, reserved 1048576K
}
Event: 63.615 GC heap before
{Heap before GC invocations=4 (full 1):
 PSYoungGen      total 76288K, used 64962K [0x000000076ab00000, 0x0000000770000000, 0x00000007c0000000)
  eden space 65536K, 99% used [0x000000076ab00000,0x000000076ea708d0,0x000000076eb00000)
  from space 10752K, 0% used [0x000000076f580000,0x000000076f580000,0x0000000770000000)
  to   space 10752K, 0% used [0x000000076eb00000,0x000000076eb00000,0x000000076f580000)
 ParOldGen       total 99840K, used 20953K [0x00000006c0000000, 0x00000006c6180000, 0x000000076ab00000)
  object space 99840K, 20% used [0x00000006c0000000,0x00000006c14765c8,0x00000006c6180000)
 Metaspace       used 22744K, capacity 24404K, committed 24704K, reserved 1071104K
  class space    used 3101K, capacity 3404K, committed 3456K, reserved 1048576K
Event: 63.624 GC heap after
Heap after GC invocations=4 (full 1):
 PSYoungGen      total 76288K, used 10751K [0x000000076ab00000, 0x0000000770000000, 0x00000007c0000000)
  eden space 65536K, 0% used [0x000000076ab00000,0x000000076ab00000,0x000000076eb00000)
  from space 10752K, 99% used [0x000000076eb00000,0x000000076f57fe70,0x000000076f580000)
  to   space 10752K, 0% used [0x000000076f580000,0x000000076f580000,0x0000000770000000)
 ParOldGen       total 99840K, used 33119K [0x00000006c0000000, 0x00000006c6180000, 0x000000076ab00000)
  object space 99840K, 33% used [0x00000006c0000000,0x00000006c2057c90,0x00000006c6180000)
 Metaspace       used 22744K, capacity 24404K, committed 24704K, reserved 1071104K
  class space    used 3101K, capacity 3404K, committed 3456K, reserved 1048576K
}

