# JRE version: Java(TM) SE Runtime Environment (8.0_291-b10) (build 1.8.0_291-b10)
# Java VM: Java HotSpot(TM) 64-Bit Server VM (25.291-b10 mixed mode bsd-amd64 compressed oops)
Heap:
 PSYoungGen      total 76288K, used 31451K [0x000000076ab00000, 0x0000000770000000, 0x00000007c0000000)
  eden space 65536K, 31% used [0x000000076ab00000,0x000000076bf3d1e0,0x000000076eb00000)
  from space 10752K, 99% used [0x000000076f580000,0x000000076fff9d30,0x0000000770000000)
  to   space 10752K, 0% used [0x000000076eb00000,0x000000076eb00000,0x000000076f580000)
 ParOldGen       total 121344K, used 78240K [0x00000006c0000000, 0x00000006c7680000, 0x000000076ab00000)
  object space 121344K, 64% used [0x00000006c0000000,0x00000006c4c681d0,0x00000006c7680000)
 Metaspace       used 23112K, capacity 24798K, committed 24960K, reserved 1071104K
  class space    used 3117K, capacity 3418K, committed 3456K, reserved 1048576K
GC Heap History (10 events):
Event: 11.462 GC heap before
{Heap before GC invocations=1 (full 0):
 PSYoungGen      total 76288K, used 65536K [0x000000076ab00000, 0x0000000770000000, 0x00000007c0000000)
  eden space 65536K, 100% used [0x000000076ab00000,0x000000076eb00000,0x000000076eb00000)
  from space 10752K, 0% used [0x000000076f580000,0x000000076f580000,0x0000000770000000)
  to   space 10752K, 0% used [0x000000076eb00000,0x000000076eb00000,0x000000076f580000)
 ParOldGen       total 175104K, used 0K [0x00000006c0000000, 0x00000006cab00000, 0x000000076ab00000)
  object space 175104K, 0% used [0x00000006c0000000,0x00000006c0000000,0x00000006cab00000)
 Metaspace       used 18251K, capacity 19132K, committed 19456K, reserved 1067008K
  class space    used 2548K, capacity 2739K, committed 2816K, reserved 1048576K
Event: 11.513 GC heap after
Heap after GC invocations=1 (full 0):
 PSYoungGen      total 76288K, used 10735K [0x000000076ab00000, 0x0000000770000000, 0x00000007c0000000)
  eden space 65536K, 0% used [0x000000076ab00000,0x000000076ab00000,0x000000076eb00000)
  from space 10752K, 99% used [0x000000076eb00000,0x000000076f57bc18,0x000000076f580000)
  to   space 10752K, 0% used [0x000000076f580000,0x000000076f580000,0x0000000770000000)
 ParOldGen       total 175104K, used 9124K [0x00000006c0000000, 0x00000006cab00000, 0x000000076ab00000)
  object space 175104K, 5% used [0x00000006c0000000,0x00000006c08e9320,0x00000006cab00000)
 Metaspace       used 18251K, capacity 19132K, committed 19456K, reserved 1067008K
  class space    used 2548K, capacity 2739K, committed 2816K, reserved 1048576K
}
Event: 18.305 GC heap before
{Heap before GC invocations=2 (full 0):
 PSYoungGen      total 76288K, used 45615K [0x000000076ab00000, 0x0000000770000000, 0x00000007c0000000)
  eden space 65536K, 53% used [0x000000076ab00000,0x000000076cd100e0,0x000000076eb00000)
  from space 10752K, 99% used [0x000000076eb00000,0x000000076f57bc18,0x000000076f580000)
  to   space 10752K, 0% used [0x000000076f580000,0x000000076f580000,0x0000000770000000)
 ParOldGen       total 175104K, used 9124K [0x00000006c0000000, 0x00000006cab00000, 0x000000076ab00000)
  object space 175104K, 5% used [0x00000006c0000000,0x00000006c08e9320,0x00000006cab00000)
 Metaspace       used 19955K, capacity 21144K, committed 21248K, reserved 1067008K
  class space    used 2780K, capacity 3001K, committed 3072K, reserved 1048576K
Event: 18.342 GC heap after
Heap after GC invocations=2 (full 0):
 PSYoungGen      total 76288K, used 10739K [0x000000076ab00000, 0x0000000770000000, 0x00000007c0000000)
  eden space 65536K, 0% used [0x000000076ab00000,0x000000076ab00000,0x000000076eb00000)
  from space 10752K, 99% used [0x000000076f580000,0x000000076fffcc10,0x0000000770000000)
  to   space 10752K, 0% used [0x000000076eb00000,0x000000076eb00000,0x000000076f580000)
 ParOldGen       total 175104K, used 29978K [0x00000006c0000000, 0x00000006cab00000, 0x000000076ab00000)
  object space 175104K, 17% used [0x00000006c0000000,0x00000006c1d469f0,0x00000006cab00000)
 Metaspace       used 19955K, capacity 21144K, committed 21248K, reserved 1067008K
  class space    used 2780K, capacity 3001K, committed 3072K, reserved 1048576K
}
Event: 18.342 GC heap before
{Heap before GC invocations=3 (full 1):
 PSYoungGen      total 76288K, used 10739K [0x000000076ab00000, 0x0000000770000000, 0x00000007c0000000)
  eden space 65536K, 0% used [0x000000076ab00000,0x000000076ab00000,0x000000076eb00000)
  from space 10752K, 99% used [0x000000076f580000,0x000000076fffcc10,0x0000000770000000)
  to   space 10752K, 0% used [0x000000076eb00000,0x000000076eb00000,0x000000076f580000)
 ParOldGen       total 175104K, used 29978K [0x00000006c0000000, 0x00000006cab00000, 0x000000076ab00000)
  object space 175104K, 17% used [0x00000006c0000000,0x00000006c1d469f0,0x00000006cab00000)
 Metaspace       used 19955K, capacity 21144K, committed 21248K, reserved 1067008K
  class space    used 2780K, capacity 3001K, committed 3072K, reserved 1048576K
Event: 18.365 GC heap after
Heap after GC invocations=3 (full 1):
 PSYoungGen      total 76288K, used 0K [0x000000076ab00000, 0x0000000770000000, 0x00000007c0000000)
  eden space 65536K, 0% used [0x000000076ab00000,0x000000076ab00000,0x000000076eb00000)
  from space 10752K, 0% used [0x000000076f580000,0x000000076f580000,0x0000000770000000)
  to   space 10752K, 0% used [0x000000076eb00000,0x000000076eb00000,0x000000076f580000)
 ParOldGen       total 121344K, used 31569K [0x00000006c0000000, 0x00000006c7680000, 0x000000076ab00000)
  object space 121344K, 26% used [0x00000006c0000000,0x00000006c1ed44a8,0x00000006c7680000)
 Metaspace       used 19955K, capacity 21144K, committed 21248K, reserved 1067008K
  class space    used 2780K, capacity 3001K, committed 3072K, reserved 1048576K
}
Event: 50.337 GC heap before
{Heap before GC invocations=4 (full 1):
 PSYoungGen      total 76288K, used 65536K [0x000000076ab00000, 0x0000000770000000, 0x00000007c0000000)
  eden space 65536K, 100% used [0x000000076ab00000,0x000000076eb00000,0x000000076eb00000)
  from space 10752K, 0% used [0x000000076f580000,0x000000076f580000,0x0000000770000000)
  to   space 10752K, 0% used [0x000000076eb00000,0x000000076eb00000,0x000000076f580000)
 ParOldGen       total 121344K, used 31569K [0x00000006c0000000, 0x00000006c7680000, 0x000000076ab00000)
  object space 121344K, 26% used [0x00000006c0000000,0x00000006c1ed44a8,0x00000006c7680000)
 Metaspace       used 22445K, capacity 24122K, committed 24192K, reserved 1071104K
  class space    used 3094K, capacity 3412K, committed 3456K, reserved 1048576K
Event: 50.344 GC heap after
Heap after GC invocations=4 (full 1):
 PSYoungGen      total 76288K, used 10729K [0x000000076ab00000, 0x0000000770000000, 0x00000007c0000000)
  eden space 65536K, 0% used [0x000000076ab00000,0x000000076ab00000,0x000000076eb00000)
  from space 10752K, 99% used [0x000000076eb00000,0x000000076f57a478,0x000000076f580000)
  to   space 10752K, 0% used [0x000000076f580000,0x000000076f580000,0x0000000770000000)
 ParOldGen       total 121344K, used 43691K [0x00000006c0000000, 0x00000006c7680000, 0x000000076ab00000)
  object space 121344K, 36% used [0x00000006c0000000,0x00000006c2aaac70,0x00000006c7680000)
 Metaspace       used 22445K, capacity 24122K, committed 24192K, reserved 1071104K
  class space    used 3094K, capacity 3412K, committed 3456K, reserved 1048576K
}
Event: 71.630 GC heap before
{Heap before GC invocations=5 (full 1):
 PSYoungGen      total 76288K, used 75890K [0x000000076ab00000, 0x0000000770000000, 0x00000007c0000000)
  eden space 65536K, 99% used [0x000000076ab00000,0x000000076eaa2400,0x000000076eb00000)
  from space 10752K, 99% used [0x000000076eb00000,0x000000076f57a478,0x000000076f580000)
  to   space 10752K, 0% used [0x000000076f580000,0x000000076f580000,0x0000000770000000)
 ParOldGen       total 121344K, used 43691K [0x00000006c0000000, 0x00000006c7680000, 0x000000076ab00000)
  object space 121344K, 36% used [0x00000006c0000000,0x00000006c2aaac70,0x00000006c7680000)
 Metaspace       used 23041K, capacity 24670K, committed 24960K, reserved 1071104K
  class space    used 3117K, capacity 3418K, committed 3456K, reserved 1048576K
Event: 71.643 GC heap after
Heap after GC invocations=5 (full 1):
 PSYoungGen      total 76288K, used 10727K [0x000000076ab00000, 0x0000000770000000, 0x00000007c0000000)
  eden space 65536K, 0% used [0x000000076ab00000,0x000000076ab00000,0x000000076eb00000)
  from space 10752K, 99% used [0x000000076f580000,0x000000076fff9d30,0x0000000770000000)
  to   space 10752K, 0% used [0x000000076eb00000,0x000000076eb00000,0x000000076f580000)
 ParOldGen       total 121344K, used 78240K [0x00000006c0000000, 0x00000006c7680000, 0x000000076ab00000)
  object space 121344K, 64% used [0x00000006c0000000,0x00000006c4c681d0,0x00000006c7680000)
 Metaspace       used 23041K, capacity 24670K, committed 24960K, reserved 1071104K
  class space    used 3117K, capacity 3418K, committed 3456K, reserved 1048576K
}

